kotlin version: 2.0.0
error message: java.lang.IllegalStateException: Could not read file: /Users/yagoalonso/Documents/DAM/Projecte Versio Antiga/frontend/app/build/intermediates/compile_and_runtime_not_namespaced_r_class_jar/debug/processDebugResources/R.jar!/com/example/app/R.class; size in bytes: 431; file type: CLASS
	at org.jetbrains.kotlin.load.kotlin.VirtualFileKotlinClass$Factory.logFileReadingErrorMessage(VirtualFileKotlinClass.kt:77)
	at org.jetbrains.kotlin.load.kotlin.VirtualFileKotlinClass$Factory.create$lambda$3(VirtualFileKotlinClass.kt:68)
	at org.jetbrains.kotlin.util.PerformanceCounter.time(PerformanceCounter.kt:90)
	at org.jetbrains.kotlin.load.kotlin.VirtualFileKotlinClass$Factory.create$frontend_common_jvm(VirtualFileKotlinClass.kt:51)
	at org.jetbrains.kotlin.load.kotlin.KotlinBinaryClassCache$Companion.getKotlinBinaryClassOrClassFileContent$lambda$0(KotlinBinaryClassCache.kt:89)
	at org.jetbrains.kotlin.com.intellij.mock.MockApplication.runReadAction(MockApplication.java:186)
	at org.jetbrains.kotlin.load.kotlin.KotlinBinaryClassCache$Companion.getKotlinBinaryClassOrClassFileContent(KotlinBinaryClassCache.kt:88)
	at org.jetbrains.kotlin.load.kotlin.KotlinBinaryClassCache$Companion.getKotlinBinaryClassOrClassFileContent$default(KotlinBinaryClassCache.kt:72)
	at org.jetbrains.kotlin.load.kotlin.VirtualFileFinder.findKotlinClassOrContent(VirtualFileFinder.kt:37)
	at org.jetbrains.kotlin.load.java.lazy.descriptors.LazyJavaPackageScope.classes$lambda$1(LazyJavaPackageScope.kt:67)
	at org.jetbrains.kotlin.storage.LockBasedStorageManager$MapBasedMemoizedFunction.invoke(LockBasedStorageManager.java:578)
	at org.jetbrains.kotlin.load.java.lazy.descriptors.LazyJavaPackageScope.findClassifier(LazyJavaPackageScope.kt:146)
	at org.jetbrains.kotlin.load.java.lazy.descriptors.LazyJavaPackageScope.getContributedClassifier(LazyJavaPackageScope.kt:136)
	at org.jetbrains.kotlin.load.java.lazy.descriptors.JvmPackageScope.getContributedClassifier(JvmPackageScope.kt:55)
	at org.jetbrains.kotlin.resolve.scopes.ChainedMemberScope.getContributedClassifier(ChainedMemberScope.kt:35)
	at org.jetbrains.kotlin.resolve.scopes.AbstractScopeAdapter.getContributedClassifier(AbstractScopeAdapter.kt:44)
	at org.jetbrains.kotlin.resolve.LazyExplicitImportScope.getContributedClassifier(LazyExplicitImportScope.kt:45)
	at org.jetbrains.kotlin.resolve.LazyExplicitImportScope.getContributedDescriptors(LazyExplicitImportScope.kt:71)
	at org.jetbrains.kotlin.resolve.scopes.BaseImportingScope.getContributedDescriptors(Scopes.kt:167)
	at org.jetbrains.kotlin.resolve.scopes.ResolutionScope$DefaultImpls.getContributedDescriptors$default(ResolutionScope.kt:50)
	at org.jetbrains.kotlin.resolve.LazyExplicitImportScope.storeReferencesToDescriptors$frontend(LazyExplicitImportScope.kt:120)
	at org.jetbrains.kotlin.resolve.lazy.LazyImportResolverForKtImportDirective.forceResolveImportDirective$lambda$0(LazyImportScope.kt:172)
	at org.jetbrains.kotlin.storage.LockBasedStorageManager$MapBasedMemoizedFunction.invoke(LockBasedStorageManager.java:578)
	at org.jetbrains.kotlin.storage.LockBasedStorageManager$MapBasedMemoizedFunctionToNotNull.invoke(LockBasedStorageManager.java:681)
	at org.jetbrains.kotlin.resolve.lazy.LazyImportResolverForKtImportDirective.forceResolveImport(LazyImportScope.kt:231)
	at org.jetbrains.kotlin.resolve.lazy.LazyImportResolverForKtImportDirective.forceResolveNonDefaultImportsTask$lambda$3(LazyImportScope.kt:184)
	at org.jetbrains.kotlin.storage.LockBasedStorageManager$LockBasedLazyValue.invoke(LockBasedStorageManager.java:408)
	at org.jetbrains.kotlin.storage.LockBasedStorageManager$LockBasedNotNullLazyValue.invoke(LockBasedStorageManager.java:527)
	at org.jetbrains.kotlin.resolve.lazy.LazyImportResolverForKtImportDirective.forceResolveNonDefaultImports(LazyImportScope.kt:214)
	at org.jetbrains.kotlin.resolve.lazy.FileScopeFactory$FilesScopesBuilder$importResolver$1.forceResolveNonDefaultImports(FileScopeFactory.kt:170)
	at org.jetbrains.kotlin.resolve.LazyTopDownAnalyzer.resolveImportsInFile(LazyTopDownAnalyzer.kt:252)
	at org.jetbrains.kotlin.resolve.jvm.extensions.PartialAnalysisHandlerExtension.doAnalysis(PartialAnalysisHandlerExtension.kt:65)
	at org.jetbrains.kotlin.kapt3.AbstractKapt3Extension.doAnalysis(Kapt3Extension.kt:130)
	at org.jetbrains.kotlin.cli.jvm.compiler.TopDownAnalyzerFacadeForJVM.analyzeFilesWithJavaIntegration(TopDownAnalyzerFacadeForJVM.kt:112)
	at org.jetbrains.kotlin.cli.jvm.compiler.TopDownAnalyzerFacadeForJVM.analyzeFilesWithJavaIntegration$default(TopDownAnalyzerFacadeForJVM.kt:75)
	at org.jetbrains.kotlin.cli.jvm.compiler.KotlinToJVMBytecodeCompiler.analyze$lambda$12(KotlinToJVMBytecodeCompiler.kt:373)
	at org.jetbrains.kotlin.cli.common.messages.AnalyzerWithCompilerReport.analyzeAndReport(AnalyzerWithCompilerReport.kt:115)
	at org.jetbrains.kotlin.cli.jvm.compiler.KotlinToJVMBytecodeCompiler.analyze(KotlinToJVMBytecodeCompiler.kt:364)
	at org.jetbrains.kotlin.cli.jvm.compiler.KotlinToJVMBytecodeCompiler.runFrontendAndGenerateIrUsingClassicFrontend(KotlinToJVMBytecodeCompiler.kt:195)
	at org.jetbrains.kotlin.cli.jvm.compiler.KotlinToJVMBytecodeCompiler.compileModules$cli(KotlinToJVMBytecodeCompiler.kt:106)
	at org.jetbrains.kotlin.cli.jvm.K2JVMCompiler.doExecute(K2JVMCompiler.kt:176)
	at org.jetbrains.kotlin.cli.jvm.K2JVMCompiler.doExecute(K2JVMCompiler.kt:50)
	at org.jetbrains.kotlin.cli.common.CLICompiler.execImpl(CLICompiler.kt:104)
	at org.jetbrains.kotlin.cli.common.CLICompiler.execImpl(CLICompiler.kt:48)
	at org.jetbrains.kotlin.cli.common.CLITool.exec(CLITool.kt:101)
	at org.jetbrains.kotlin.incremental.IncrementalJvmCompilerRunner.runCompiler(IncrementalJvmCompilerRunner.kt:453)
	at org.jetbrains.kotlin.incremental.IncrementalJvmCompilerRunner.runCompiler(IncrementalJvmCompilerRunner.kt:62)
	at org.jetbrains.kotlin.incremental.IncrementalCompilerRunner.doCompile(IncrementalCompilerRunner.kt:506)
	at org.jetbrains.kotlin.incremental.IncrementalCompilerRunner.compileImpl(IncrementalCompilerRunner.kt:423)
	at org.jetbrains.kotlin.incremental.IncrementalCompilerRunner.compileNonIncrementally(IncrementalCompilerRunner.kt:301)
	at org.jetbrains.kotlin.incremental.IncrementalCompilerRunner.compile(IncrementalCompilerRunner.kt:129)
	at org.jetbrains.kotlin.daemon.CompileServiceImplBase.execIncrementalCompiler(CompileServiceImpl.kt:676)
	at org.jetbrains.kotlin.daemon.CompileServiceImplBase.access$execIncrementalCompiler(CompileServiceImpl.kt:92)
	at org.jetbrains.kotlin.daemon.CompileServiceImpl.compile(CompileServiceImpl.kt:1661)
	at java.base/jdk.internal.reflect.DirectMethodHandleAccessor.invoke(Unknown Source)
	at java.base/java.lang.reflect.Method.invoke(Unknown Source)
	at java.rmi/sun.rmi.server.UnicastServerRef.dispatch(Unknown Source)
	at java.rmi/sun.rmi.transport.Transport$1.run(Unknown Source)
	at java.rmi/sun.rmi.transport.Transport$1.run(Unknown Source)
	at java.base/java.security.AccessController.doPrivileged(Unknown Source)
	at java.rmi/sun.rmi.transport.Transport.serviceCall(Unknown Source)
	at java.rmi/sun.rmi.transport.tcp.TCPTransport.handleMessages(Unknown Source)
	at java.rmi/sun.rmi.transport.tcp.TCPTransport$ConnectionHandler.run0(Unknown Source)
	at java.rmi/sun.rmi.transport.tcp.TCPTransport$ConnectionHandler.lambda$run$0(Unknown Source)
	at java.base/java.security.AccessController.doPrivileged(Unknown Source)
	at java.rmi/sun.rmi.transport.tcp.TCPTransport$ConnectionHandler.run(Unknown Source)
	at java.base/java.util.concurrent.ThreadPoolExecutor.runWorker(Unknown Source)
	at java.base/java.util.concurrent.ThreadPoolExecutor$Worker.run(Unknown Source)
	at java.base/java.lang.Thread.run(Unknown Source)
Caused by: java.nio.file.NoSuchFileException: /Users/yagoalonso/Documents/DAM/Projecte Versio Antiga/frontend/app/build/intermediates/compile_and_runtime_not_namespaced_r_class_jar/debug/processDebugResources/R.jar
	at java.base/sun.nio.fs.UnixException.translateToIOException(Unknown Source)
	at java.base/sun.nio.fs.UnixException.rethrowAsIOException(Unknown Source)
	at java.base/sun.nio.fs.UnixException.rethrowAsIOException(Unknown Source)
	at java.base/sun.nio.fs.UnixFileAttributeViews$Basic.readAttributes(Unknown Source)
	at java.base/sun.nio.fs.UnixFileSystemProvider.readAttributes(Unknown Source)
	at java.base/java.nio.file.Files.readAttributes(Unknown Source)
	at org.jetbrains.kotlin.com.intellij.openapi.vfs.impl.ZipHandler$1.createAccessor(ZipHandler.java:19)
	at org.jetbrains.kotlin.com.intellij.openapi.vfs.impl.ZipHandler$1.createAccessor(ZipHandler.java:15)
	at org.jetbrains.kotlin.com.intellij.util.io.FileAccessorCache.createHandle(FileAccessorCache.java:45)
	at org.jetbrains.kotlin.com.intellij.util.io.FileAccessorCache.get(FileAccessorCache.java:39)
	at org.jetbrains.kotlin.com.intellij.openapi.vfs.impl.ZipHandler.acquireZipHandle(ZipHandler.java:46)
	at org.jetbrains.kotlin.com.intellij.openapi.vfs.impl.ZipHandlerBase.contentsToByteArray(ZipHandlerBase.java:100)
	at org.jetbrains.kotlin.com.intellij.openapi.vfs.impl.jar.CoreJarVirtualFile.contentsToByteArray(CoreJarVirtualFile.java:111)
	at org.jetbrains.kotlin.com.intellij.openapi.vfs.VirtualFile.contentsToByteArray(VirtualFile.java:626)
	at org.jetbrains.kotlin.load.kotlin.VirtualFileKotlinClass$Factory.create$lambda$3(VirtualFileKotlinClass.kt:55)
	... 67 more


